11:38:06.185 INFO [GridLauncherV3.parse] - Selenium server version: 3.141.59, revision: e82be7d358
11:38:06.252 INFO [GridLauncherV3.lambda$buildLaunchers$3] - Launching a standalone Selenium Server on port 4444
2021-01-16 11:38:06.299:INFO::main: Logging initialized @308ms to org.seleniumhq.jetty9.util.log.StdErrLog
11:38:06.471 INFO [WebDriverServlet.<init>] - Initialising WebDriverServlet
11:38:06.735 INFO [SeleniumServer.boot] - Selenium Server is up and running on port 4444
11:38:12.370 INFO [ActiveSessionFactory.apply] - Capabilities are: {
  "acceptSslCerts": true,
  "browserName": "Chrome",
  "chromeOptions": {
    "w3c": false,
    "args": [
      "disable-gpu",
      "headless"
    ]
  },
  "javascriptEnabled": true,
  "name": "Register"
}
11:38:12.371 INFO [ActiveSessionFactory.lambda$apply$11] - Matched factory org.openqa.selenium.grid.session.remote.ServicedSession$Factory (provider: org.openqa.selenium.chrome.ChromeDriverService)
Starting ChromeDriver 87.0.4280.20 (c99e81631faa0b2a448e658c0dbd8311fb04ddbd-refs/branch-heads/4280@{#355}) on port 43873
Only local connections are allowed.
Please see https://chromedriver.chromium.org/security-considerations for suggestions on keeping ChromeDriver safe.
ChromeDriver was started successfully.
11:38:16.012 INFO [ProtocolHandshake.createSession] - Detected dialect: OSS
11:38:16.252 INFO [RemoteSession$Factory.lambda$performHandshake$0] - Started new session a14b07b7e96cfaaf3a16ece7f7727cf1 (org.openqa.selenium.chrome.ChromeDriverService)
11:38:29.715 INFO [ActiveSessions$1.onStop] - Removing session a14b07b7e96cfaaf3a16ece7f7727cf1 (org.openqa.selenium.chrome.ChromeDriverService)
